<?xml version="1.0" encoding="UTF-8"?>
<!-- Generated by org.testng.reporters.JUnitReportReporter -->
<testsuite skipped="0" hostname="ATMECSINDT-053" name="com.atmecs.qa.testscript.NewsPageTest" tests="2" failures="0" timestamp="08 Aug 2019 14:10:40 GMT" time="4.929" errors="0">
  <testcase name="validatingWatchMoreBtn" time="3.177" classname="com.atmecs.qa.testscript.NewsPageTest"/>
  <testcase name="validatingAllReadMore" time="1.752" classname="com.atmecs.qa.testscript.NewsPageTest"/>
</testsuite> <!-- com.atmecs.qa.testscript.NewsPageTest -->
