<?xml version="1.0" encoding="UTF-8"?>
<!-- Generated by org.testng.reporters.JUnitReportReporter -->
<testsuite skipped="0" hostname="ATMECSINDT-053" name="com.atmecs.qa.testscript.ClientAchievementPageTest" tests="2" failures="0" timestamp="08 Aug 2019 12:12:09 GMT" time="73.334" errors="0">
  <testcase name="validatingAllHeaderContentCount" time="3.676" classname="com.atmecs.qa.testscript.ClientAchievementPageTest"/>
  <testcase name="validatingAllReadmore" time="69.658" classname="com.atmecs.qa.testscript.ClientAchievementPageTest"/>
</testsuite> <!-- com.atmecs.qa.testscript.ClientAchievementPageTest -->
