<?xml version="1.0" encoding="UTF-8"?>
<!-- Generated by org.testng.reporters.JUnitReportReporter -->
<testsuite skipped="0" hostname="ATMECSINDT-053" name="com.atmecs.qa.testscript.MediaPageTest" tests="1" failures="0" timestamp="08 Aug 2019 12:12:08 GMT" time="20.546" errors="0">
  <testcase name="AllNavigationUnderMedia" time="20.546" classname="com.atmecs.qa.testscript.MediaPageTest"/>
</testsuite> <!-- com.atmecs.qa.testscript.MediaPageTest -->
